<?xml version="1.0" encoding="UTF-8"?>
<!-- Generated by org.testng.reporters.JUnitReportReporter -->
<testsuite skipped="0" hostname="DESKTOP-95O0H65" name="com.application.testcases.GmailLogin" tests="2" failures="0" timestamp="2020-03-20T16:26:30 IST" time="35.712" errors="0">
  <testcase name="TC002" time="18.673" classname="com.application.testcases.GmailLogin"/>
  <testcase name="TC002" time="17.039" classname="com.application.testcases.GmailLogin"/>
</testsuite> <!-- com.application.testcases.GmailLogin -->
